Mplus VERSION 8.4
MUTHEN & MUTHEN
10/01/2020  10:05 AM

INPUT INSTRUCTIONS

    MONTECARLO:			
      NAMES = Y1-Y3 X1-X6;
      NOBSERVATIONS = 100;
      NREPS = 10000;
      SEED = 2020;
  	
    MODEL POPULATION:
    ! Six standard-normal predictors
      X1-X6@1;
      [X1-X6@0];

    ! Each predictor has a 'Small-Medium' effect
      Y1-Y3 on X1-X6@0.3;

    ! Residual covariances of Ys, and covariances
    !   of Xs to give standard-normal Ys with
    !   correlation of 0.5
      Y1-Y3@0.622;
      Y1-Y3 WITH Y1-Y3@0.122;
      X1-X3 with X1-X3@-0.3;

    ANALYSIS:
      PROCESS = 8;
      ESTIMATOR = ML;

    MODEL:
      Y1-Y3 ON X1-X6*0.3;
      Y1-Y3*0.622;
      Y1-Y3 WITH Y1-Y3*0.122;

    OUTPUT: SAMP;



INPUT READING TERMINATED NORMALLY




SUMMARY OF ANALYSIS

Number of groups                                                 1
Number of observations                                         100

Number of replications
    Requested                                                10000
    Completed                                                10000
Value of seed                                                 2020

Number of dependent variables                                    3
Number of independent variables                                  6
Number of continuous latent variables                            0

Observed dependent variables

  Continuous
   Y1          Y2          Y3

Observed independent variables
   X1          X2          X3          X4          X5          X6


Estimator                                                       ML
Information matrix                                        OBSERVED
Maximum number of iterations                                  1000
Convergence criterion                                    0.500D-04
Maximum number of steepest descent iterations                   20



SAMPLE STATISTICS FOR THE FIRST REPLICATION


     SAMPLE STATISTICS


           Means
              Y1            Y2            Y3            X1            X2
              ________      ________      ________      ________      ________
               -0.039        -0.084        -0.029        -0.046        -0.097


           Means
              X3            X4            X5            X6
              ________      ________      ________      ________
               -0.160         0.047         0.075        -0.131


           Covariances
              Y1            Y2            Y3            X1            X2
              ________      ________      ________      ________      ________
 Y1             0.895
 Y2             0.422         0.832
 Y3             0.499         0.348         0.944
 X1             0.085         0.344         0.277         1.444
 X2             0.061        -0.075         0.159        -0.397         1.043
 X3             0.201         0.039        -0.078        -0.472        -0.419
 X4             0.276         0.401         0.229        -0.068        -0.043
 X5             0.212         0.224         0.206         0.079        -0.186
 X6             0.265         0.103         0.371         0.074         0.008


           Covariances
              X3            X4            X5            X6
              ________      ________      ________      ________
 X3             1.334
 X4            -0.029         1.051
 X5             0.125         0.028         0.752
 X6            -0.044        -0.114        -0.057         1.041


           Correlations
              Y1            Y2            Y3            X1            X2
              ________      ________      ________      ________      ________
 Y1             1.000
 Y2             0.489         1.000
 Y3             0.543         0.393         1.000
 X1             0.075         0.313         0.238         1.000
 X2             0.063        -0.081         0.160        -0.323         1.000
 X3             0.184         0.037        -0.070        -0.340        -0.355
 X4             0.284         0.429         0.230        -0.055        -0.041
 X5             0.258         0.283         0.245         0.076        -0.210
 X6             0.275         0.111         0.374         0.060         0.007


           Correlations
              X3            X4            X5            X6
              ________      ________      ________      ________
 X3             1.000
 X4            -0.025         1.000
 X5             0.125         0.032         1.000
 X6            -0.037        -0.109        -0.064         1.000


MODEL FIT INFORMATION

Number of Free Parameters                       27

Loglikelihood

    H0 Value

        Mean                              -334.954
        Std Dev                             12.644
        Number of successful computations    10000

             Proportions                   Percentiles
        Expected    Observed         Expected       Observed
           0.990       0.991         -364.368       -363.944
           0.980       0.981         -360.921       -360.576
           0.950       0.951         -355.752       -355.646
           0.900       0.903         -351.159       -351.008
           0.800       0.804         -345.595       -345.393
           0.700       0.699         -341.584       -341.660
           0.500       0.493         -334.954       -335.131
           0.300       0.292         -328.323       -328.585
           0.200       0.197         -324.313       -324.424
           0.100       0.101         -318.749       -318.663
           0.050       0.053         -314.156       -313.821
           0.020       0.022         -308.987       -308.405
           0.010       0.011         -305.540       -304.714

    H1 Value

        Mean                              -334.954
        Std Dev                             12.644
        Number of successful computations    10000

             Proportions                   Percentiles
        Expected    Observed         Expected       Observed
           0.990       0.991         -364.368       -363.944
           0.980       0.981         -360.921       -360.576
           0.950       0.951         -355.752       -355.646
           0.900       0.903         -351.159       -351.008
           0.800       0.804         -345.595       -345.393
           0.700       0.699         -341.584       -341.660
           0.500       0.493         -334.954       -335.131
           0.300       0.292         -328.323       -328.585
           0.200       0.197         -324.313       -324.424
           0.100       0.101         -318.749       -318.663
           0.050       0.053         -314.156       -313.821
           0.020       0.022         -308.987       -308.405
           0.010       0.011         -305.540       -304.714

Information Criteria

    Akaike (AIC)

        Mean                               723.908
        Std Dev                             25.288
        Number of successful computations    10000

             Proportions                   Percentiles
        Expected    Observed         Expected       Observed
           0.990       0.989          665.080        663.403
           0.980       0.978          671.973        670.810
           0.950       0.947          682.311        681.602
           0.900       0.899          691.498        691.306
           0.800       0.803          702.625        702.838
           0.700       0.708          710.647        711.159
           0.500       0.506          723.908        724.254
           0.300       0.301          737.169        737.284
           0.200       0.196          745.190        744.755
           0.100       0.097          756.317        755.978
           0.050       0.049          765.504        765.292
           0.020       0.019          775.842        775.140
           0.010       0.009          782.736        781.881

    Bayesian (BIC)

        Mean                               794.247
        Std Dev                             25.288
        Number of successful computations    10000

             Proportions                   Percentiles
        Expected    Observed         Expected       Observed
           0.990       0.989          735.419        733.743
           0.980       0.978          742.313        741.149
           0.950       0.947          752.651        751.942
           0.900       0.899          761.838        761.646
           0.800       0.803          772.965        773.178
           0.700       0.708          780.986        781.498
           0.500       0.506          794.247        794.594
           0.300       0.301          807.509        807.624
           0.200       0.196          815.530        815.095
           0.100       0.097          826.657        826.318
           0.050       0.049          835.844        835.631
           0.020       0.019          846.182        845.480
           0.010       0.009          853.075        852.220

    Sample-Size Adjusted BIC (n* = (n + 2) / 24)

        Mean                               708.975
        Std Dev                             25.288
        Number of successful computations    10000

             Proportions                   Percentiles
        Expected    Observed         Expected       Observed
           0.990       0.989          650.147        648.470
           0.980       0.978          657.040        655.876
           0.950       0.947          667.378        666.669
           0.900       0.899          676.565        676.373
           0.800       0.803          687.692        687.905
           0.700       0.708          695.713        696.225
           0.500       0.506          708.975        709.321
           0.300       0.301          722.236        722.351
           0.200       0.196          730.257        729.822
           0.100       0.097          741.384        741.045
           0.050       0.049          750.571        750.358
           0.020       0.019          760.909        760.207
           0.010       0.009          767.803        766.948

Chi-Square Test of Model Fit

        Degrees of freedom                       0

        Mean                                 0.000
        Std Dev                              0.000
        Number of successful computations    10000

             Proportions                   Percentiles
        Expected    Observed         Expected       Observed
           0.990       1.000            0.000          0.000
           0.980       1.000            0.000          0.000
           0.950       1.000            0.000          0.000
           0.900       1.000            0.000          0.000
           0.800       1.000            0.000          0.000
           0.700       1.000            0.000          0.000
           0.500       1.000            0.000          0.000
           0.300       1.000            0.000          0.000
           0.200       1.000            0.000          0.000
           0.100       1.000            0.000          0.000
           0.050       1.000            0.000          0.000
           0.020       1.000            0.000          0.000
           0.010       1.000            0.000          0.000

RMSEA (Root Mean Square Error Of Approximation)

        Mean                                 0.000
        Std Dev                              0.000
        Number of successful computations    10000

        Cumulative Distribution Function
           Value    Function Value
           0.990       1.000
           0.980       1.000
           0.950       1.000
           0.900       1.000
           0.800       1.000
           0.700       1.000
           0.500       1.000
           0.300       1.000
           0.200       1.000
           0.100       1.000
           0.050       1.000
           0.020       1.000
           0.010       1.000

CFI/TLI

    CFI

        Mean                                 1.000
        Std Dev                              0.000
        Number of successful computations    10000

        Cumulative Distribution Function
           Value    Function Value
           0.990       0.000
           0.980       0.000
           0.950       0.000
           0.900       0.000
           0.800       0.000
           0.700       0.000
           0.500       0.000
           0.300       0.000
           0.200       0.000
           0.100       0.000
           0.050       0.000
           0.020       0.000
           0.010       0.000

    TLI

        Mean                                 1.000
        Std Dev                              0.000
        Number of successful computations    10000

        Cumulative Distribution Function
           Value    Function Value
           0.990       0.000
           0.980       0.000
           0.950       0.000
           0.900       0.000
           0.800       0.000
           0.700       0.000
           0.500       0.000
           0.300       0.000
           0.200       0.000
           0.100       0.000
           0.050       0.000
           0.020       0.000
           0.010       0.000

SRMR (Standardized Root Mean Square Residual)

        Mean                                 0.000
        Std Dev                              0.000
        Number of successful computations    10000

        Cumulative Distribution Function
           Value    Function Value
           0.990       1.000
           0.980       1.000
           0.950       1.000
           0.900       1.000
           0.800       1.000
           0.700       1.000
           0.500       1.000
           0.300       1.000
           0.200       1.000
           0.100       1.000
           0.050       1.000
           0.020       1.000
           0.010       1.000


MODEL RESULTS

                              ESTIMATES              S. E.     M. S. E.  95%  % Sig
                 Population   Average   Std. Dev.   Average             Cover Coeff

 Y1       ON
  X1                  0.300     0.2997     0.0958     0.0913     0.0092 0.936 0.891
  X2                  0.300     0.2996     0.0970     0.0914     0.0094 0.932 0.888
  X3                  0.300     0.2985     0.0951     0.0916     0.0090 0.942 0.885
  X4                  0.300     0.2995     0.0829     0.0789     0.0069 0.937 0.954
  X5                  0.300     0.2994     0.0825     0.0788     0.0068 0.936 0.956
  X6                  0.300     0.3007     0.0818     0.0788     0.0067 0.940 0.958

 Y2       ON
  X1                  0.300     0.2979     0.0954     0.0913     0.0091 0.938 0.890
  X2                  0.300     0.3012     0.0969     0.0914     0.0094 0.934 0.891
  X3                  0.300     0.2994     0.0953     0.0915     0.0091 0.939 0.891
  X4                  0.300     0.2992     0.0817     0.0789     0.0067 0.943 0.958
  X5                  0.300     0.3013     0.0823     0.0788     0.0068 0.937 0.961
  X6                  0.300     0.3015     0.0822     0.0788     0.0068 0.939 0.957

 Y3       ON
  X1                  0.300     0.2983     0.0955     0.0913     0.0091 0.938 0.887
  X2                  0.300     0.2993     0.0961     0.0914     0.0092 0.938 0.891
  X3                  0.300     0.2992     0.0960     0.0916     0.0092 0.937 0.891
  X4                  0.300     0.2990     0.0817     0.0789     0.0067 0.937 0.956
  X5                  0.300     0.3005     0.0821     0.0788     0.0067 0.935 0.958
  X6                  0.300     0.3007     0.0827     0.0788     0.0068 0.939 0.959

 Y1       WITH
  Y2                  0.122     0.1130     0.0616     0.0589     0.0039 0.931 0.487
  Y3                  0.122     0.1133     0.0615     0.0589     0.0039 0.934 0.484

 Y2       WITH
  Y3                  0.122     0.1139     0.0609     0.0589     0.0038 0.939 0.489

 Intercepts
  Y1                  0.000     0.0006     0.0817     0.0782     0.0067 0.939 0.061
  Y2                  0.000     0.0000     0.0800     0.0782     0.0064 0.945 0.055
  Y3                  0.000    -0.0018     0.0809     0.0782     0.0066 0.939 0.061

 Residual Variances
  Y1                  0.622     0.5784     0.0852     0.0818     0.0092 0.861 1.000
  Y2                  0.622     0.5780     0.0848     0.0817     0.0091 0.860 1.000
  Y3                  0.622     0.5783     0.0845     0.0818     0.0090 0.862 1.000


QUALITY OF NUMERICAL RESULTS

     Average Condition Number for the Information Matrix      0.624E-01
       (ratio of smallest to largest eigenvalue)


TECHNICAL OUTPUT


     PARAMETER SPECIFICATION


           NU
              Y1            Y2            Y3            X1            X2
              ________      ________      ________      ________      ________
                  0             0             0             0             0


           NU
              X3            X4            X5            X6
              ________      ________      ________      ________
                  0             0             0             0


           LAMBDA
              Y1            Y2            Y3            X1            X2
              ________      ________      ________      ________      ________
 Y1                 0             0             0             0             0
 Y2                 0             0             0             0             0
 Y3                 0             0             0             0             0
 X1                 0             0             0             0             0
 X2                 0             0             0             0             0
 X3                 0             0             0             0             0
 X4                 0             0             0             0             0
 X5                 0             0             0             0             0
 X6                 0             0             0             0             0


           LAMBDA
              X3            X4            X5            X6
              ________      ________      ________      ________
 Y1                 0             0             0             0
 Y2                 0             0             0             0
 Y3                 0             0             0             0
 X1                 0             0             0             0
 X2                 0             0             0             0
 X3                 0             0             0             0
 X4                 0             0             0             0
 X5                 0             0             0             0
 X6                 0             0             0             0


           THETA
              Y1            Y2            Y3            X1            X2
              ________      ________      ________      ________      ________
 Y1                 0
 Y2                 0             0
 Y3                 0             0             0
 X1                 0             0             0             0
 X2                 0             0             0             0             0
 X3                 0             0             0             0             0
 X4                 0             0             0             0             0
 X5                 0             0             0             0             0
 X6                 0             0             0             0             0


           THETA
              X3            X4            X5            X6
              ________      ________      ________      ________
 X3                 0
 X4                 0             0
 X5                 0             0             0
 X6                 0             0             0             0


           ALPHA
              Y1            Y2            Y3            X1            X2
              ________      ________      ________      ________      ________
                  1             2             3             0             0


           ALPHA
              X3            X4            X5            X6
              ________      ________      ________      ________
                  0             0             0             0


           BETA
              Y1            Y2            Y3            X1            X2
              ________      ________      ________      ________      ________
 Y1                 0             0             0             4             5
 Y2                 0             0             0            10            11
 Y3                 0             0             0            16            17
 X1                 0             0             0             0             0
 X2                 0             0             0             0             0
 X3                 0             0             0             0             0
 X4                 0             0             0             0             0
 X5                 0             0             0             0             0
 X6                 0             0             0             0             0


           BETA
              X3            X4            X5            X6
              ________      ________      ________      ________
 Y1                 6             7             8             9
 Y2                12            13            14            15
 Y3                18            19            20            21
 X1                 0             0             0             0
 X2                 0             0             0             0
 X3                 0             0             0             0
 X4                 0             0             0             0
 X5                 0             0             0             0
 X6                 0             0             0             0


           PSI
              Y1            Y2            Y3            X1            X2
              ________      ________      ________      ________      ________
 Y1                22
 Y2                23            24
 Y3                25            26            27
 X1                 0             0             0             0
 X2                 0             0             0             0             0
 X3                 0             0             0             0             0
 X4                 0             0             0             0             0
 X5                 0             0             0             0             0
 X6                 0             0             0             0             0


           PSI
              X3            X4            X5            X6
              ________      ________      ________      ________
 X3                 0
 X4                 0             0
 X5                 0             0             0
 X6                 0             0             0             0


     STARTING VALUES


           NU
              Y1            Y2            Y3            X1            X2
              ________      ________      ________      ________      ________
                0.000         0.000         0.000         0.000         0.000


           NU
              X3            X4            X5            X6
              ________      ________      ________      ________
                0.000         0.000         0.000         0.000


           LAMBDA
              Y1            Y2            Y3            X1            X2
              ________      ________      ________      ________      ________
 Y1             1.000         0.000         0.000         0.000         0.000
 Y2             0.000         1.000         0.000         0.000         0.000
 Y3             0.000         0.000         1.000         0.000         0.000
 X1             0.000         0.000         0.000         1.000         0.000
 X2             0.000         0.000         0.000         0.000         1.000
 X3             0.000         0.000         0.000         0.000         0.000
 X4             0.000         0.000         0.000         0.000         0.000
 X5             0.000         0.000         0.000         0.000         0.000
 X6             0.000         0.000         0.000         0.000         0.000


           LAMBDA
              X3            X4            X5            X6
              ________      ________      ________      ________
 Y1             0.000         0.000         0.000         0.000
 Y2             0.000         0.000         0.000         0.000
 Y3             0.000         0.000         0.000         0.000
 X1             0.000         0.000         0.000         0.000
 X2             0.000         0.000         0.000         0.000
 X3             1.000         0.000         0.000         0.000
 X4             0.000         1.000         0.000         0.000
 X5             0.000         0.000         1.000         0.000
 X6             0.000         0.000         0.000         1.000


           THETA
              Y1            Y2            Y3            X1            X2
              ________      ________      ________      ________      ________
 Y1             0.000
 Y2             0.000         0.000
 Y3             0.000         0.000         0.000
 X1             0.000         0.000         0.000         0.000
 X2             0.000         0.000         0.000         0.000         0.000
 X3             0.000         0.000         0.000         0.000         0.000
 X4             0.000         0.000         0.000         0.000         0.000
 X5             0.000         0.000         0.000         0.000         0.000
 X6             0.000         0.000         0.000         0.000         0.000


           THETA
              X3            X4            X5            X6
              ________      ________      ________      ________
 X3             0.000
 X4             0.000         0.000
 X5             0.000         0.000         0.000
 X6             0.000         0.000         0.000         0.000


           ALPHA
              Y1            Y2            Y3            X1            X2
              ________      ________      ________      ________      ________
                0.000         0.000         0.000        -0.046        -0.097


           ALPHA
              X3            X4            X5            X6
              ________      ________      ________      ________
               -0.160         0.047         0.075        -0.131


           BETA
              Y1            Y2            Y3            X1            X2
              ________      ________      ________      ________      ________
 Y1             0.000         0.000         0.000         0.300         0.300
 Y2             0.000         0.000         0.000         0.300         0.300
 Y3             0.000         0.000         0.000         0.300         0.300
 X1             0.000         0.000         0.000         0.000         0.000
 X2             0.000         0.000         0.000         0.000         0.000
 X3             0.000         0.000         0.000         0.000         0.000
 X4             0.000         0.000         0.000         0.000         0.000
 X5             0.000         0.000         0.000         0.000         0.000
 X6             0.000         0.000         0.000         0.000         0.000


           BETA
              X3            X4            X5            X6
              ________      ________      ________      ________
 Y1             0.300         0.300         0.300         0.300
 Y2             0.300         0.300         0.300         0.300
 Y3             0.300         0.300         0.300         0.300
 X1             0.000         0.000         0.000         0.000
 X2             0.000         0.000         0.000         0.000
 X3             0.000         0.000         0.000         0.000
 X4             0.000         0.000         0.000         0.000
 X5             0.000         0.000         0.000         0.000
 X6             0.000         0.000         0.000         0.000


           PSI
              Y1            Y2            Y3            X1            X2
              ________      ________      ________      ________      ________
 Y1             0.622
 Y2             0.122         0.622
 Y3             0.122         0.122         0.622
 X1             0.000         0.000         0.000         1.444
 X2             0.000         0.000         0.000        -0.397         1.043
 X3             0.000         0.000         0.000        -0.472        -0.419
 X4             0.000         0.000         0.000        -0.068        -0.043
 X5             0.000         0.000         0.000         0.079        -0.186
 X6             0.000         0.000         0.000         0.074         0.008


           PSI
              X3            X4            X5            X6
              ________      ________      ________      ________
 X3             1.334
 X4            -0.029         1.051
 X5             0.125         0.028         0.752
 X6            -0.044        -0.114        -0.057         1.041


     POPULATION VALUES


           NU
              Y1            Y2            Y3            X1            X2
              ________      ________      ________      ________      ________
                0.000         0.000         0.000         0.000         0.000


           NU
              X3            X4            X5            X6
              ________      ________      ________      ________
                0.000         0.000         0.000         0.000


           LAMBDA
              Y1            Y2            Y3            X1            X2
              ________      ________      ________      ________      ________
 Y1             1.000         0.000         0.000         0.000         0.000
 Y2             0.000         1.000         0.000         0.000         0.000
 Y3             0.000         0.000         1.000         0.000         0.000
 X1             0.000         0.000         0.000         1.000         0.000
 X2             0.000         0.000         0.000         0.000         1.000
 X3             0.000         0.000         0.000         0.000         0.000
 X4             0.000         0.000         0.000         0.000         0.000
 X5             0.000         0.000         0.000         0.000         0.000
 X6             0.000         0.000         0.000         0.000         0.000


           LAMBDA
              X3            X4            X5            X6
              ________      ________      ________      ________
 Y1             0.000         0.000         0.000         0.000
 Y2             0.000         0.000         0.000         0.000
 Y3             0.000         0.000         0.000         0.000
 X1             0.000         0.000         0.000         0.000
 X2             0.000         0.000         0.000         0.000
 X3             1.000         0.000         0.000         0.000
 X4             0.000         1.000         0.000         0.000
 X5             0.000         0.000         1.000         0.000
 X6             0.000         0.000         0.000         1.000


           THETA
              Y1            Y2            Y3            X1            X2
              ________      ________      ________      ________      ________
 Y1             0.000
 Y2             0.000         0.000
 Y3             0.000         0.000         0.000
 X1             0.000         0.000         0.000         0.000
 X2             0.000         0.000         0.000         0.000         0.000
 X3             0.000         0.000         0.000         0.000         0.000
 X4             0.000         0.000         0.000         0.000         0.000
 X5             0.000         0.000         0.000         0.000         0.000
 X6             0.000         0.000         0.000         0.000         0.000


           THETA
              X3            X4            X5            X6
              ________      ________      ________      ________
 X3             0.000
 X4             0.000         0.000
 X5             0.000         0.000         0.000
 X6             0.000         0.000         0.000         0.000


           ALPHA
              Y1            Y2            Y3            X1            X2
              ________      ________      ________      ________      ________
                0.000         0.000         0.000         0.000         0.000


           ALPHA
              X3            X4            X5            X6
              ________      ________      ________      ________
                0.000         0.000         0.000         0.000


           BETA
              Y1            Y2            Y3            X1            X2
              ________      ________      ________      ________      ________
 Y1             0.000         0.000         0.000         0.300         0.300
 Y2             0.000         0.000         0.000         0.300         0.300
 Y3             0.000         0.000         0.000         0.300         0.300
 X1             0.000         0.000         0.000         0.000         0.000
 X2             0.000         0.000         0.000         0.000         0.000
 X3             0.000         0.000         0.000         0.000         0.000
 X4             0.000         0.000         0.000         0.000         0.000
 X5             0.000         0.000         0.000         0.000         0.000
 X6             0.000         0.000         0.000         0.000         0.000


           BETA
              X3            X4            X5            X6
              ________      ________      ________      ________
 Y1             0.300         0.300         0.300         0.300
 Y2             0.300         0.300         0.300         0.300
 Y3             0.300         0.300         0.300         0.300
 X1             0.000         0.000         0.000         0.000
 X2             0.000         0.000         0.000         0.000
 X3             0.000         0.000         0.000         0.000
 X4             0.000         0.000         0.000         0.000
 X5             0.000         0.000         0.000         0.000
 X6             0.000         0.000         0.000         0.000


           PSI
              Y1            Y2            Y3            X1            X2
              ________      ________      ________      ________      ________
 Y1             0.622
 Y2             0.122         0.622
 Y3             0.122         0.122         0.622
 X1             0.000         0.000         0.000         1.000
 X2             0.000         0.000         0.000        -0.300         1.000
 X3             0.000         0.000         0.000        -0.300        -0.300
 X4             0.000         0.000         0.000         0.000         0.000
 X5             0.000         0.000         0.000         0.000         0.000
 X6             0.000         0.000         0.000         0.000         0.000


           PSI
              X3            X4            X5            X6
              ________      ________      ________      ________
 X3             1.000
 X4             0.000         1.000
 X5             0.000         0.000         1.000
 X6             0.000         0.000         0.000         1.000


     Beginning Time:  10:05:57
        Ending Time:  10:06:14
       Elapsed Time:  00:00:17



MUTHEN & MUTHEN
3463 Stoner Ave.
Los Angeles, CA  90066

Tel: (310) 391-9971
Fax: (310) 391-8971
Web: www.StatModel.com
Support: Support@StatModel.com

Copyright (c) 1998-2019 Muthen & Muthen
